{"E:\\zenbasket\\global_functions.js": {"path":"E:\\zenbasket\\global_functions.js","statementMap":{"0":{"start":{"line":1,"column":11},"end":{"line":1,"column":33}},"1":{"start":{"line":3,"column":12},"end":{"line":10,"column":1}},"2":{"start":{"line":4,"column":2},"end":{"line":6,"column":3}},"3":{"start":{"line":5,"column":4},"end":{"line":5,"column":22}},"4":{"start":{"line":7,"column":2},"end":{"line":7,"column":34}},"5":{"start":{"line":8,"column":2},"end":{"line":8,"column":57}},"6":{"start":{"line":8,"column":35},"end":{"line":8,"column":57}},"7":{"start":{"line":9,"column":2},"end":{"line":9,"column":50}},"8":{"start":{"line":12,"column":12},"end":{"line":21,"column":1}},"9":{"start":{"line":13,"column":18},"end":{"line":13,"column":35}},"10":{"start":{"line":15,"column":2},"end":{"line":17,"column":3}},"11":{"start":{"line":16,"column":4},"end":{"line":16,"column":47}},"12":{"start":{"line":19,"column":2},"end":{"line":19,"column":57}},"13":{"start":{"line":19,"column":35},"end":{"line":19,"column":57}},"14":{"start":{"line":20,"column":2},"end":{"line":20,"column":29}},"15":{"start":{"line":23,"column":11},"end":{"line":33,"column":1}},"16":{"start":{"line":24,"column":2},"end":{"line":32,"column":6}},"17":{"start":{"line":27,"column":6},"end":{"line":27,"column":26}},"18":{"start":{"line":30,"column":6},"end":{"line":30,"column":22}},"19":{"start":{"line":35,"column":11},"end":{"line":41,"column":1}},"20":{"start":{"line":36,"column":2},"end":{"line":38,"column":3}},"21":{"start":{"line":37,"column":4},"end":{"line":37,"column":31}},"22":{"start":{"line":40,"column":2},"end":{"line":40,"column":31}},"23":{"start":{"line":44,"column":0},"end":{"line":46,"column":3}},"24":{"start":{"line":45,"column":2},"end":{"line":45,"column":45}},"25":{"start":{"line":48,"column":0},"end":{"line":48,"column":38}}},"fnMap":{"0":{"name":"(anonymous_0)","decl":{"start":{"line":3,"column":12},"end":{"line":3,"column":13}},"loc":{"start":{"line":3,"column":44},"end":{"line":10,"column":1}},"line":3},"1":{"name":"(anonymous_1)","decl":{"start":{"line":12,"column":12},"end":{"line":12,"column":13}},"loc":{"start":{"line":12,"column":39},"end":{"line":21,"column":1}},"line":12},"2":{"name":"(anonymous_2)","decl":{"start":{"line":23,"column":11},"end":{"line":23,"column":12}},"loc":{"start":{"line":23,"column":30},"end":{"line":33,"column":1}},"line":23},"3":{"name":"(anonymous_3)","decl":{"start":{"line":25,"column":10},"end":{"line":25,"column":11}},"loc":{"start":{"line":25,"column":18},"end":{"line":28,"column":5}},"line":25},"4":{"name":"(anonymous_4)","decl":{"start":{"line":28,"column":13},"end":{"line":28,"column":14}},"loc":{"start":{"line":28,"column":20},"end":{"line":31,"column":5}},"line":28},"5":{"name":"(anonymous_5)","decl":{"start":{"line":35,"column":11},"end":{"line":35,"column":12}},"loc":{"start":{"line":35,"column":39},"end":{"line":41,"column":1}},"line":35},"6":{"name":"(anonymous_6)","decl":{"start":{"line":44,"column":33},"end":{"line":44,"column":34}},"loc":{"start":{"line":44,"column":42},"end":{"line":46,"column":1}},"line":44}},"branchMap":{"0":{"loc":{"start":{"line":4,"column":2},"end":{"line":6,"column":3}},"type":"if","locations":[{"start":{"line":4,"column":2},"end":{"line":6,"column":3}},{"start":{},"end":{}}],"line":4},"1":{"loc":{"start":{"line":4,"column":6},"end":{"line":4,"column":65}},"type":"binary-expr","locations":[{"start":{"line":4,"column":6},"end":{"line":4,"column":28}},{"start":{"line":4,"column":32},"end":{"line":4,"column":65}}],"line":4},"2":{"loc":{"start":{"line":8,"column":2},"end":{"line":8,"column":57}},"type":"if","locations":[{"start":{"line":8,"column":2},"end":{"line":8,"column":57}},{"start":{},"end":{}}],"line":8},"3":{"loc":{"start":{"line":15,"column":2},"end":{"line":17,"column":3}},"type":"if","locations":[{"start":{"line":15,"column":2},"end":{"line":17,"column":3}},{"start":{},"end":{}}],"line":15},"4":{"loc":{"start":{"line":19,"column":2},"end":{"line":19,"column":57}},"type":"if","locations":[{"start":{"line":19,"column":2},"end":{"line":19,"column":57}},{"start":{},"end":{}}],"line":19},"5":{"loc":{"start":{"line":36,"column":2},"end":{"line":38,"column":3}},"type":"if","locations":[{"start":{"line":36,"column":2},"end":{"line":38,"column":3}},{"start":{},"end":{}}],"line":36}},"s":{"0":3,"1":3,"2":12,"3":12,"4":12,"5":12,"6":12,"7":12,"8":3,"9":6,"10":6,"11":6,"12":6,"13":6,"14":6,"15":3,"16":47,"17":21,"18":25,"19":3,"20":13,"21":0,"22":13,"23":3,"24":0,"25":3},"f":{"0":12,"1":6,"2":47,"3":21,"4":25,"5":13,"6":0},"b":{"0":[12,0],"1":[12,12],"2":[12,0],"3":[6,0],"4":[6,0],"5":[0,13]},"_coverageSchema":"1a1c01bbd47fc00a2c39e90264f33305004495a9","hash":"884a7e5009e56a4dc90e8a09e2478a18e4d0b54d"}
,"E:\\zenbasket\\config\\config.js": {"path":"E:\\zenbasket\\config\\config.js","statementMap":{"0":{"start":{"line":1,"column":0},"end":{"line":1,"column":27}},"1":{"start":{"line":3,"column":0},"end":{"line":3,"column":11}},"2":{"start":{"line":4,"column":0},"end":{"line":4,"column":28}},"3":{"start":{"line":5,"column":0},"end":{"line":5,"column":37}},"4":{"start":{"line":6,"column":0},"end":{"line":6,"column":37}},"5":{"start":{"line":7,"column":0},"end":{"line":7,"column":37}},"6":{"start":{"line":8,"column":0},"end":{"line":8,"column":45}},"7":{"start":{"line":9,"column":0},"end":{"line":9,"column":37}},"8":{"start":{"line":10,"column":0},"end":{"line":10,"column":42}},"9":{"start":{"line":11,"column":0},"end":{"line":11,"column":48}},"10":{"start":{"line":12,"column":0},"end":{"line":12,"column":48}}},"fnMap":{},"branchMap":{},"s":{"0":3,"1":3,"2":3,"3":3,"4":3,"5":3,"6":3,"7":3,"8":3,"9":3,"10":3},"f":{},"b":{},"_coverageSchema":"1a1c01bbd47fc00a2c39e90264f33305004495a9","hash":"422a9a3d39a5c4b40fc95c348c0fa182cb2e46a8"}
,"E:\\zenbasket\\config\\constant.js": {"path":"E:\\zenbasket\\config\\constant.js","statementMap":{"0":{"start":{"line":1,"column":0},"end":{"line":1,"column":17}},"1":{"start":{"line":3,"column":0},"end":{"line":3,"column":13}},"2":{"start":{"line":4,"column":0},"end":{"line":6,"column":1}}},"fnMap":{},"branchMap":{},"s":{"0":3,"1":3,"2":3},"f":{},"b":{},"_coverageSchema":"1a1c01bbd47fc00a2c39e90264f33305004495a9","hash":"029d47c67dcd97e4b854d48183aaf7fe1b1ac6ae"}
,"E:\\zenbasket\\controller\\employee\\employee.controller.js": {"path":"E:\\zenbasket\\controller\\employee\\employee.controller.js","statementMap":{"0":{"start":{"line":1,"column":24},"end":{"line":1,"column":75}},"1":{"start":{"line":2,"column":21},"end":{"line":2,"column":54}},"2":{"start":{"line":3,"column":15},"end":{"line":3,"column":60}},"3":{"start":{"line":4,"column":28},"end":{"line":4,"column":89}},"4":{"start":{"line":5,"column":17},"end":{"line":5,"column":60}},"5":{"start":{"line":18,"column":25},"end":{"line":23,"column":1}},"6":{"start":{"line":19,"column":4},"end":{"line":19,"column":23}},"7":{"start":{"line":20,"column":19},"end":{"line":20,"column":85}},"8":{"start":{"line":21,"column":4},"end":{"line":21,"column":35}},"9":{"start":{"line":21,"column":12},"end":{"line":21,"column":35}},"10":{"start":{"line":22,"column":4},"end":{"line":22,"column":35}},"11":{"start":{"line":22,"column":12},"end":{"line":22,"column":35}},"12":{"start":{"line":34,"column":25},"end":{"line":38,"column":1}},"13":{"start":{"line":35,"column":23},"end":{"line":35,"column":75}},"14":{"start":{"line":36,"column":4},"end":{"line":36,"column":35}},"15":{"start":{"line":36,"column":12},"end":{"line":36,"column":35}},"16":{"start":{"line":37,"column":4},"end":{"line":37,"column":41}},"17":{"start":{"line":37,"column":15},"end":{"line":37,"column":41}},"18":{"start":{"line":40,"column":27},"end":{"line":46,"column":1}},"19":{"start":{"line":41,"column":23},"end":{"line":41,"column":78}},"20":{"start":{"line":42,"column":4},"end":{"line":42,"column":39}},"21":{"start":{"line":43,"column":4},"end":{"line":43,"column":36}},"22":{"start":{"line":43,"column":12},"end":{"line":43,"column":36}},"23":{"start":{"line":45,"column":4},"end":{"line":45,"column":41}},"24":{"start":{"line":45,"column":15},"end":{"line":45,"column":41}},"25":{"start":{"line":51,"column":0},"end":{"line":51,"column":83}},"26":{"start":{"line":52,"column":0},"end":{"line":52,"column":92}},"27":{"start":{"line":53,"column":0},"end":{"line":53,"column":106}},"28":{"start":{"line":55,"column":0},"end":{"line":55,"column":84}}},"fnMap":{"0":{"name":"(anonymous_0)","decl":{"start":{"line":18,"column":25},"end":{"line":18,"column":26}},"loc":{"start":{"line":18,"column":48},"end":{"line":23,"column":1}},"line":18},"1":{"name":"(anonymous_1)","decl":{"start":{"line":34,"column":25},"end":{"line":34,"column":26}},"loc":{"start":{"line":34,"column":48},"end":{"line":38,"column":1}},"line":34},"2":{"name":"(anonymous_2)","decl":{"start":{"line":40,"column":27},"end":{"line":40,"column":28}},"loc":{"start":{"line":40,"column":50},"end":{"line":46,"column":1}},"line":40}},"branchMap":{"0":{"loc":{"start":{"line":20,"column":56},"end":{"line":20,"column":83}},"type":"cond-expr","locations":[{"start":{"line":20,"column":70},"end":{"line":20,"column":78}},{"start":{"line":20,"column":79},"end":{"line":20,"column":83}}],"line":20},"1":{"loc":{"start":{"line":20,"column":56},"end":{"line":20,"column":69}},"type":"binary-expr","locations":[{"start":{"line":20,"column":56},"end":{"line":20,"column":59}},{"start":{"line":20,"column":61},"end":{"line":20,"column":69}}],"line":20},"2":{"loc":{"start":{"line":21,"column":4},"end":{"line":21,"column":35}},"type":"if","locations":[{"start":{"line":21,"column":4},"end":{"line":21,"column":35}},{"start":{},"end":{}}],"line":21},"3":{"loc":{"start":{"line":22,"column":4},"end":{"line":22,"column":35}},"type":"if","locations":[{"start":{"line":22,"column":4},"end":{"line":22,"column":35}},{"start":{},"end":{}}],"line":22},"4":{"loc":{"start":{"line":36,"column":4},"end":{"line":36,"column":35}},"type":"if","locations":[{"start":{"line":36,"column":4},"end":{"line":36,"column":35}},{"start":{},"end":{}}],"line":36},"5":{"loc":{"start":{"line":37,"column":4},"end":{"line":37,"column":41}},"type":"if","locations":[{"start":{"line":37,"column":4},"end":{"line":37,"column":41}},{"start":{},"end":{}}],"line":37},"6":{"loc":{"start":{"line":43,"column":4},"end":{"line":43,"column":36}},"type":"if","locations":[{"start":{"line":43,"column":4},"end":{"line":43,"column":36}},{"start":{},"end":{}}],"line":43},"7":{"loc":{"start":{"line":45,"column":4},"end":{"line":45,"column":41}},"type":"if","locations":[{"start":{"line":45,"column":4},"end":{"line":45,"column":41}},{"start":{},"end":{}}],"line":45}},"s":{"0":1,"1":1,"2":1,"3":1,"4":1,"5":1,"6":3,"7":3,"8":3,"9":2,"10":1,"11":1,"12":1,"13":3,"14":3,"15":2,"16":1,"17":1,"18":1,"19":5,"20":5,"21":5,"22":4,"23":1,"24":1,"25":1,"26":1,"27":1,"28":1},"f":{"0":3,"1":3,"2":5},"b":{"0":[2,1],"1":[3,3],"2":[2,1],"3":[1,0],"4":[2,1],"5":[1,0],"6":[4,1],"7":[1,0]},"_coverageSchema":"1a1c01bbd47fc00a2c39e90264f33305004495a9","hash":"11578e35c996be711dcbfd8c6adde0094f5a045c"}
,"E:\\zenbasket\\controller\\settings\\settings.controller.js": {"path":"E:\\zenbasket\\controller\\settings\\settings.controller.js","statementMap":{"0":{"start":{"line":1,"column":23},"end":{"line":1,"column":56}},"1":{"start":{"line":2,"column":15},"end":{"line":2,"column":60}},"2":{"start":{"line":3,"column":25},"end":{"line":3,"column":76}},"3":{"start":{"line":4,"column":30},"end":{"line":4,"column":93}},"4":{"start":{"line":5,"column":24},"end":{"line":5,"column":81}},"5":{"start":{"line":6,"column":17},"end":{"line":6,"column":60}},"6":{"start":{"line":15,"column":16},"end":{"line":19,"column":1}},"7":{"start":{"line":16,"column":21},"end":{"line":16,"column":107}},"8":{"start":{"line":17,"column":4},"end":{"line":17,"column":35}},"9":{"start":{"line":17,"column":12},"end":{"line":17,"column":35}},"10":{"start":{"line":18,"column":4},"end":{"line":18,"column":37}},"11":{"start":{"line":18,"column":13},"end":{"line":18,"column":37}},"12":{"start":{"line":21,"column":0},"end":{"line":21,"column":83}},"13":{"start":{"line":32,"column":16},"end":{"line":36,"column":1}},"14":{"start":{"line":33,"column":21},"end":{"line":33,"column":73}},"15":{"start":{"line":34,"column":4},"end":{"line":34,"column":35}},"16":{"start":{"line":34,"column":12},"end":{"line":34,"column":35}},"17":{"start":{"line":35,"column":4},"end":{"line":35,"column":37}},"18":{"start":{"line":35,"column":13},"end":{"line":35,"column":37}},"19":{"start":{"line":39,"column":0},"end":{"line":39,"column":31}},"20":{"start":{"line":50,"column":19},"end":{"line":54,"column":1}},"21":{"start":{"line":51,"column":23},"end":{"line":51,"column":74}},"22":{"start":{"line":52,"column":4},"end":{"line":52,"column":35}},"23":{"start":{"line":52,"column":12},"end":{"line":52,"column":35}},"24":{"start":{"line":53,"column":4},"end":{"line":53,"column":58}},"25":{"start":{"line":53,"column":15},"end":{"line":53,"column":58}},"26":{"start":{"line":56,"column":0},"end":{"line":56,"column":82}},"27":{"start":{"line":58,"column":0},"end":{"line":58,"column":52}}},"fnMap":{"0":{"name":"(anonymous_0)","decl":{"start":{"line":15,"column":16},"end":{"line":15,"column":17}},"loc":{"start":{"line":15,"column":39},"end":{"line":19,"column":1}},"line":15},"1":{"name":"(anonymous_1)","decl":{"start":{"line":32,"column":16},"end":{"line":32,"column":17}},"loc":{"start":{"line":32,"column":39},"end":{"line":36,"column":1}},"line":32},"2":{"name":"(anonymous_2)","decl":{"start":{"line":50,"column":19},"end":{"line":50,"column":20}},"loc":{"start":{"line":50,"column":42},"end":{"line":54,"column":1}},"line":50}},"branchMap":{"0":{"loc":{"start":{"line":16,"column":58},"end":{"line":16,"column":105}},"type":"cond-expr","locations":[{"start":{"line":16,"column":87},"end":{"line":16,"column":100}},{"start":{"line":16,"column":101},"end":{"line":16,"column":105}}],"line":16},"1":{"loc":{"start":{"line":16,"column":58},"end":{"line":16,"column":86}},"type":"binary-expr","locations":[{"start":{"line":16,"column":58},"end":{"line":16,"column":61}},{"start":{"line":16,"column":63},"end":{"line":16,"column":71}},{"start":{"line":16,"column":73},"end":{"line":16,"column":86}}],"line":16},"2":{"loc":{"start":{"line":17,"column":4},"end":{"line":17,"column":35}},"type":"if","locations":[{"start":{"line":17,"column":4},"end":{"line":17,"column":35}},{"start":{},"end":{}}],"line":17},"3":{"loc":{"start":{"line":18,"column":4},"end":{"line":18,"column":37}},"type":"if","locations":[{"start":{"line":18,"column":4},"end":{"line":18,"column":37}},{"start":{},"end":{}}],"line":18},"4":{"loc":{"start":{"line":34,"column":4},"end":{"line":34,"column":35}},"type":"if","locations":[{"start":{"line":34,"column":4},"end":{"line":34,"column":35}},{"start":{},"end":{}}],"line":34},"5":{"loc":{"start":{"line":35,"column":4},"end":{"line":35,"column":37}},"type":"if","locations":[{"start":{"line":35,"column":4},"end":{"line":35,"column":37}},{"start":{},"end":{}}],"line":35},"6":{"loc":{"start":{"line":52,"column":4},"end":{"line":52,"column":35}},"type":"if","locations":[{"start":{"line":52,"column":4},"end":{"line":52,"column":35}},{"start":{},"end":{}}],"line":52},"7":{"loc":{"start":{"line":53,"column":4},"end":{"line":53,"column":58}},"type":"if","locations":[{"start":{"line":53,"column":4},"end":{"line":53,"column":58}},{"start":{},"end":{}}],"line":53}},"s":{"0":1,"1":1,"2":1,"3":1,"4":1,"5":1,"6":1,"7":2,"8":2,"9":1,"10":1,"11":1,"12":1,"13":1,"14":2,"15":2,"16":1,"17":1,"18":1,"19":1,"20":1,"21":3,"22":3,"23":2,"24":1,"25":1,"26":1,"27":1},"f":{"0":2,"1":2,"2":3},"b":{"0":[2,0],"1":[2,2,2],"2":[1,1],"3":[1,0],"4":[1,1],"5":[1,0],"6":[2,1],"7":[1,0]},"_coverageSchema":"1a1c01bbd47fc00a2c39e90264f33305004495a9","hash":"ca97fe929b5fe4bef5150e7afdf81612c3d35bb4"}
,"E:\\zenbasket\\models\\employee\\employee.js": {"path":"E:\\zenbasket\\models\\employee\\employee.js","statementMap":{"0":{"start":{"line":1,"column":0},"end":{"line":38,"column":2}},"1":{"start":{"line":2,"column":19},"end":{"line":35,"column":6}},"2":{"start":{"line":37,"column":4},"end":{"line":37,"column":19}}},"fnMap":{"0":{"name":"(anonymous_0)","decl":{"start":{"line":1,"column":17},"end":{"line":1,"column":18}},"loc":{"start":{"line":1,"column":33},"end":{"line":38,"column":1}},"line":1}},"branchMap":{},"s":{"0":3,"1":3,"2":3},"f":{"0":3},"b":{},"_coverageSchema":"1a1c01bbd47fc00a2c39e90264f33305004495a9","hash":"b3c12b855f380b372a3553822ac554a67ae353a9"}
,"E:\\zenbasket\\models\\settings\\department.js": {"path":"E:\\zenbasket\\models\\settings\\department.js","statementMap":{"0":{"start":{"line":1,"column":0},"end":{"line":19,"column":2}},"1":{"start":{"line":2,"column":21},"end":{"line":17,"column":6}},"2":{"start":{"line":18,"column":4},"end":{"line":18,"column":21}}},"fnMap":{"0":{"name":"(anonymous_0)","decl":{"start":{"line":1,"column":17},"end":{"line":1,"column":18}},"loc":{"start":{"line":1,"column":33},"end":{"line":19,"column":1}},"line":1}},"branchMap":{},"s":{"0":3,"1":3,"2":3},"f":{"0":3},"b":{},"_coverageSchema":"1a1c01bbd47fc00a2c39e90264f33305004495a9","hash":"5fcc6c46e277885ee7f5d6f40e8a71930471e820"}
,"E:\\zenbasket\\models\\settings\\role.js": {"path":"E:\\zenbasket\\models\\settings\\role.js","statementMap":{"0":{"start":{"line":1,"column":0},"end":{"line":23,"column":2}},"1":{"start":{"line":2,"column":15},"end":{"line":21,"column":6}},"2":{"start":{"line":22,"column":4},"end":{"line":22,"column":15}}},"fnMap":{"0":{"name":"(anonymous_0)","decl":{"start":{"line":1,"column":17},"end":{"line":1,"column":18}},"loc":{"start":{"line":1,"column":33},"end":{"line":23,"column":1}},"line":1}},"branchMap":{},"s":{"0":3,"1":3,"2":3},"f":{"0":3},"b":{},"_coverageSchema":"1a1c01bbd47fc00a2c39e90264f33305004495a9","hash":"90459273756700c416d00e7c088c1db91f285fff"}
,"E:\\zenbasket\\routes\\validator\\employee\\employee.validator.js": {"path":"E:\\zenbasket\\routes\\validator\\employee\\employee.validator.js","statementMap":{"0":{"start":{"line":1,"column":33},"end":{"line":1,"column":61}},"1":{"start":{"line":3,"column":26},"end":{"line":17,"column":1}},"2":{"start":{"line":18,"column":0},"end":{"line":18,"column":52}}},"fnMap":{},"branchMap":{},"s":{"0":1,"1":1,"2":1},"f":{},"b":{},"_coverageSchema":"1a1c01bbd47fc00a2c39e90264f33305004495a9","hash":"ac39ca76c299e3b38b556cb242c742e7011dcd37"}
,"E:\\zenbasket\\routes\\validator\\settings\\department.validator.js": {"path":"E:\\zenbasket\\routes\\validator\\settings\\department.validator.js","statementMap":{"0":{"start":{"line":1,"column":21},"end":{"line":1,"column":49}},"1":{"start":{"line":3,"column":28},"end":{"line":8,"column":1}},"2":{"start":{"line":10,"column":0},"end":{"line":10,"column":56}}},"fnMap":{},"branchMap":{},"s":{"0":1,"1":1,"2":1},"f":{},"b":{},"_coverageSchema":"1a1c01bbd47fc00a2c39e90264f33305004495a9","hash":"27d7a338977e0c884c5805e9022348a0185ae2e0"}
,"E:\\zenbasket\\routes\\validator\\settings\\role.validator.js": {"path":"E:\\zenbasket\\routes\\validator\\settings\\role.validator.js","statementMap":{"0":{"start":{"line":1,"column":26},"end":{"line":1,"column":54}},"1":{"start":{"line":4,"column":22},"end":{"line":8,"column":1}},"2":{"start":{"line":10,"column":0},"end":{"line":10,"column":44}}},"fnMap":{},"branchMap":{},"s":{"0":1,"1":1,"2":1},"f":{},"b":{},"_coverageSchema":"1a1c01bbd47fc00a2c39e90264f33305004495a9","hash":"af2ae620a200bd59959bf3091180c3c135e9219b"}
,"E:\\zenbasket\\services\\employee\\employee.service.js": {"path":"E:\\zenbasket\\services\\employee\\employee.service.js","statementMap":{"0":{"start":{"line":1,"column":17},"end":{"line":1,"column":49}},"1":{"start":{"line":2,"column":15},"end":{"line":2,"column":48}},"2":{"start":{"line":3,"column":11},"end":{"line":3,"column":40}},"3":{"start":{"line":4,"column":28},"end":{"line":4,"column":62}},"4":{"start":{"line":5,"column":24},"end":{"line":5,"column":63}},"5":{"start":{"line":7,"column":20},"end":{"line":20,"column":1}},"6":{"start":{"line":9,"column":20},"end":{"line":17,"column":3}},"7":{"start":{"line":18,"column":4},"end":{"line":18,"column":34}},"8":{"start":{"line":18,"column":12},"end":{"line":18,"column":34}},"9":{"start":{"line":19,"column":4},"end":{"line":19,"column":22}},"10":{"start":{"line":19,"column":12},"end":{"line":19,"column":22}},"11":{"start":{"line":21,"column":0},"end":{"line":21,"column":40}},"12":{"start":{"line":23,"column":20},"end":{"line":43,"column":1}},"13":{"start":{"line":24,"column":20},"end":{"line":28,"column":7}},"14":{"start":{"line":29,"column":4},"end":{"line":29,"column":34}},"15":{"start":{"line":29,"column":12},"end":{"line":29,"column":34}},"16":{"start":{"line":40,"column":4},"end":{"line":40,"column":15}},"17":{"start":{"line":44,"column":0},"end":{"line":44,"column":40}},"18":{"start":{"line":46,"column":23},"end":{"line":70,"column":1}},"19":{"start":{"line":47,"column":20},"end":{"line":51,"column":7}},"20":{"start":{"line":52,"column":4},"end":{"line":52,"column":34}},"21":{"start":{"line":52,"column":12},"end":{"line":52,"column":34}},"22":{"start":{"line":53,"column":4},"end":{"line":66,"column":5}},"23":{"start":{"line":54,"column":8},"end":{"line":54,"column":32}},"24":{"start":{"line":55,"column":26},"end":{"line":55,"column":120}},"25":{"start":{"line":57,"column":8},"end":{"line":57,"column":44}},"26":{"start":{"line":57,"column":19},"end":{"line":57,"column":44}},"27":{"start":{"line":58,"column":8},"end":{"line":58,"column":51}},"28":{"start":{"line":58,"column":17},"end":{"line":58,"column":51}},"29":{"start":{"line":59,"column":8},"end":{"line":59,"column":35}},"30":{"start":{"line":61,"column":28},"end":{"line":61,"column":128}},"31":{"start":{"line":62,"column":8},"end":{"line":62,"column":45}},"32":{"start":{"line":62,"column":19},"end":{"line":62,"column":45}},"33":{"start":{"line":63,"column":8},"end":{"line":63,"column":51}},"34":{"start":{"line":63,"column":17},"end":{"line":63,"column":51}},"35":{"start":{"line":65,"column":8},"end":{"line":65,"column":19}},"36":{"start":{"line":71,"column":0},"end":{"line":71,"column":46}}},"fnMap":{"0":{"name":"(anonymous_0)","decl":{"start":{"line":7,"column":20},"end":{"line":7,"column":21}},"loc":{"start":{"line":7,"column":40},"end":{"line":20,"column":1}},"line":7},"1":{"name":"(anonymous_1)","decl":{"start":{"line":23,"column":20},"end":{"line":23,"column":21}},"loc":{"start":{"line":23,"column":40},"end":{"line":43,"column":1}},"line":23},"2":{"name":"(anonymous_2)","decl":{"start":{"line":46,"column":23},"end":{"line":46,"column":24}},"loc":{"start":{"line":46,"column":43},"end":{"line":70,"column":1}},"line":46}},"branchMap":{"0":{"loc":{"start":{"line":18,"column":4},"end":{"line":18,"column":34}},"type":"if","locations":[{"start":{"line":18,"column":4},"end":{"line":18,"column":34}},{"start":{},"end":{}}],"line":18},"1":{"loc":{"start":{"line":19,"column":4},"end":{"line":19,"column":22}},"type":"if","locations":[{"start":{"line":19,"column":4},"end":{"line":19,"column":22}},{"start":{},"end":{}}],"line":19},"2":{"loc":{"start":{"line":26,"column":15},"end":{"line":26,"column":29}},"type":"cond-expr","locations":[{"start":{"line":26,"column":20},"end":{"line":26,"column":24}},{"start":{"line":26,"column":25},"end":{"line":26,"column":29}}],"line":26},"3":{"loc":{"start":{"line":29,"column":4},"end":{"line":29,"column":34}},"type":"if","locations":[{"start":{"line":29,"column":4},"end":{"line":29,"column":34}},{"start":{},"end":{}}],"line":29},"4":{"loc":{"start":{"line":52,"column":4},"end":{"line":52,"column":34}},"type":"if","locations":[{"start":{"line":52,"column":4},"end":{"line":52,"column":34}},{"start":{},"end":{}}],"line":52},"5":{"loc":{"start":{"line":53,"column":4},"end":{"line":66,"column":5}},"type":"if","locations":[{"start":{"line":53,"column":4},"end":{"line":66,"column":5}},{"start":{},"end":{}}],"line":53},"6":{"loc":{"start":{"line":57,"column":8},"end":{"line":57,"column":44}},"type":"if","locations":[{"start":{"line":57,"column":8},"end":{"line":57,"column":44}},{"start":{},"end":{}}],"line":57},"7":{"loc":{"start":{"line":58,"column":8},"end":{"line":58,"column":51}},"type":"if","locations":[{"start":{"line":58,"column":8},"end":{"line":58,"column":51}},{"start":{},"end":{}}],"line":58},"8":{"loc":{"start":{"line":62,"column":8},"end":{"line":62,"column":45}},"type":"if","locations":[{"start":{"line":62,"column":8},"end":{"line":62,"column":45}},{"start":{},"end":{}}],"line":62},"9":{"loc":{"start":{"line":63,"column":8},"end":{"line":63,"column":51}},"type":"if","locations":[{"start":{"line":63,"column":8},"end":{"line":63,"column":51}},{"start":{},"end":{}}],"line":63}},"s":{"0":1,"1":1,"2":1,"3":1,"4":1,"5":1,"6":3,"7":2,"8":1,"9":1,"10":1,"11":1,"12":1,"13":3,"14":3,"15":2,"16":1,"17":1,"18":1,"19":5,"20":4,"21":2,"22":2,"23":2,"24":2,"25":1,"26":0,"27":1,"28":1,"29":1,"30":1,"31":1,"32":0,"33":1,"34":1,"35":1,"36":1},"f":{"0":3,"1":3,"2":5},"b":{"0":[1,1],"1":[1,0],"2":[2,1],"3":[2,1],"4":[2,2],"5":[2,0],"6":[0,1],"7":[1,0],"8":[0,1],"9":[1,0]},"_coverageSchema":"1a1c01bbd47fc00a2c39e90264f33305004495a9","hash":"61ebb08b92d4d48c2fe25492ef3b6f61d88bd520"}
,"E:\\zenbasket\\services\\settings\\settings.service.js": {"path":"E:\\zenbasket\\services\\settings\\settings.service.js","statementMap":{"0":{"start":{"line":1,"column":19},"end":{"line":1,"column":53}},"1":{"start":{"line":2,"column":14},"end":{"line":2,"column":42}},"2":{"start":{"line":3,"column":17},"end":{"line":3,"column":49}},"3":{"start":{"line":4,"column":21},"end":{"line":4,"column":54}},"4":{"start":{"line":6,"column":16},"end":{"line":15,"column":1}},"5":{"start":{"line":8,"column":21},"end":{"line":12,"column":7}},"6":{"start":{"line":13,"column":4},"end":{"line":13,"column":34}},"7":{"start":{"line":13,"column":12},"end":{"line":13,"column":34}},"8":{"start":{"line":14,"column":4},"end":{"line":14,"column":24}},"9":{"start":{"line":14,"column":13},"end":{"line":14,"column":24}},"10":{"start":{"line":17,"column":0},"end":{"line":17,"column":32}},"11":{"start":{"line":19,"column":16},"end":{"line":28,"column":1}},"12":{"start":{"line":21,"column":21},"end":{"line":25,"column":7}},"13":{"start":{"line":26,"column":4},"end":{"line":26,"column":34}},"14":{"start":{"line":26,"column":12},"end":{"line":26,"column":34}},"15":{"start":{"line":27,"column":4},"end":{"line":27,"column":24}},"16":{"start":{"line":27,"column":13},"end":{"line":27,"column":24}},"17":{"start":{"line":30,"column":0},"end":{"line":30,"column":32}},"18":{"start":{"line":33,"column":20},"end":{"line":37,"column":1}},"19":{"start":{"line":34,"column":21},"end":{"line":34,"column":58}},"20":{"start":{"line":35,"column":4},"end":{"line":35,"column":34}},"21":{"start":{"line":35,"column":12},"end":{"line":35,"column":34}},"22":{"start":{"line":36,"column":4},"end":{"line":36,"column":24}},"23":{"start":{"line":36,"column":13},"end":{"line":36,"column":24}},"24":{"start":{"line":39,"column":0},"end":{"line":39,"column":40}},"25":{"start":{"line":41,"column":20},"end":{"line":45,"column":1}},"26":{"start":{"line":42,"column":21},"end":{"line":42,"column":52}},"27":{"start":{"line":43,"column":4},"end":{"line":43,"column":34}},"28":{"start":{"line":43,"column":12},"end":{"line":43,"column":34}},"29":{"start":{"line":44,"column":4},"end":{"line":44,"column":24}},"30":{"start":{"line":44,"column":13},"end":{"line":44,"column":24}},"31":{"start":{"line":47,"column":0},"end":{"line":47,"column":40}},"32":{"start":{"line":49,"column":19},"end":{"line":77,"column":1}},"33":{"start":{"line":50,"column":21},"end":{"line":58,"column":10}},"34":{"start":{"line":59,"column":4},"end":{"line":59,"column":34}},"35":{"start":{"line":59,"column":12},"end":{"line":59,"column":34}},"36":{"start":{"line":60,"column":4},"end":{"line":60,"column":29}},"37":{"start":{"line":61,"column":4},"end":{"line":75,"column":5}},"38":{"start":{"line":62,"column":8},"end":{"line":62,"column":27}},"39":{"start":{"line":63,"column":25},"end":{"line":70,"column":15}},"40":{"start":{"line":71,"column":8},"end":{"line":71,"column":40}},"41":{"start":{"line":71,"column":17},"end":{"line":71,"column":40}},"42":{"start":{"line":72,"column":8},"end":{"line":72,"column":33}},"43":{"start":{"line":73,"column":8},"end":{"line":73,"column":32}},"44":{"start":{"line":73,"column":22},"end":{"line":73,"column":32}},"45":{"start":{"line":79,"column":0},"end":{"line":79,"column":38}}},"fnMap":{"0":{"name":"(anonymous_0)","decl":{"start":{"line":6,"column":16},"end":{"line":6,"column":17}},"loc":{"start":{"line":6,"column":36},"end":{"line":15,"column":1}},"line":6},"1":{"name":"(anonymous_1)","decl":{"start":{"line":19,"column":16},"end":{"line":19,"column":17}},"loc":{"start":{"line":19,"column":36},"end":{"line":28,"column":1}},"line":19},"2":{"name":"(anonymous_2)","decl":{"start":{"line":33,"column":20},"end":{"line":33,"column":21}},"loc":{"start":{"line":33,"column":40},"end":{"line":37,"column":1}},"line":33},"3":{"name":"(anonymous_3)","decl":{"start":{"line":41,"column":20},"end":{"line":41,"column":21}},"loc":{"start":{"line":41,"column":40},"end":{"line":45,"column":1}},"line":41},"4":{"name":"(anonymous_4)","decl":{"start":{"line":49,"column":19},"end":{"line":49,"column":20}},"loc":{"start":{"line":49,"column":39},"end":{"line":77,"column":1}},"line":49}},"branchMap":{"0":{"loc":{"start":{"line":10,"column":15},"end":{"line":10,"column":29}},"type":"cond-expr","locations":[{"start":{"line":10,"column":20},"end":{"line":10,"column":24}},{"start":{"line":10,"column":25},"end":{"line":10,"column":29}}],"line":10},"1":{"loc":{"start":{"line":13,"column":4},"end":{"line":13,"column":34}},"type":"if","locations":[{"start":{"line":13,"column":4},"end":{"line":13,"column":34}},{"start":{},"end":{}}],"line":13},"2":{"loc":{"start":{"line":14,"column":4},"end":{"line":14,"column":24}},"type":"if","locations":[{"start":{"line":14,"column":4},"end":{"line":14,"column":24}},{"start":{},"end":{}}],"line":14},"3":{"loc":{"start":{"line":23,"column":15},"end":{"line":23,"column":29}},"type":"cond-expr","locations":[{"start":{"line":23,"column":20},"end":{"line":23,"column":24}},{"start":{"line":23,"column":25},"end":{"line":23,"column":29}}],"line":23},"4":{"loc":{"start":{"line":26,"column":4},"end":{"line":26,"column":34}},"type":"if","locations":[{"start":{"line":26,"column":4},"end":{"line":26,"column":34}},{"start":{},"end":{}}],"line":26},"5":{"loc":{"start":{"line":27,"column":4},"end":{"line":27,"column":24}},"type":"if","locations":[{"start":{"line":27,"column":4},"end":{"line":27,"column":24}},{"start":{},"end":{}}],"line":27},"6":{"loc":{"start":{"line":35,"column":4},"end":{"line":35,"column":34}},"type":"if","locations":[{"start":{"line":35,"column":4},"end":{"line":35,"column":34}},{"start":{},"end":{}}],"line":35},"7":{"loc":{"start":{"line":36,"column":4},"end":{"line":36,"column":24}},"type":"if","locations":[{"start":{"line":36,"column":4},"end":{"line":36,"column":24}},{"start":{},"end":{}}],"line":36},"8":{"loc":{"start":{"line":43,"column":4},"end":{"line":43,"column":34}},"type":"if","locations":[{"start":{"line":43,"column":4},"end":{"line":43,"column":34}},{"start":{},"end":{}}],"line":43},"9":{"loc":{"start":{"line":44,"column":4},"end":{"line":44,"column":24}},"type":"if","locations":[{"start":{"line":44,"column":4},"end":{"line":44,"column":24}},{"start":{},"end":{}}],"line":44},"10":{"loc":{"start":{"line":59,"column":4},"end":{"line":59,"column":34}},"type":"if","locations":[{"start":{"line":59,"column":4},"end":{"line":59,"column":34}},{"start":{},"end":{}}],"line":59},"11":{"loc":{"start":{"line":61,"column":4},"end":{"line":75,"column":5}},"type":"if","locations":[{"start":{"line":61,"column":4},"end":{"line":75,"column":5}},{"start":{},"end":{}}],"line":61},"12":{"loc":{"start":{"line":71,"column":8},"end":{"line":71,"column":40}},"type":"if","locations":[{"start":{"line":71,"column":8},"end":{"line":71,"column":40}},{"start":{},"end":{}}],"line":71},"13":{"loc":{"start":{"line":73,"column":8},"end":{"line":73,"column":32}},"type":"if","locations":[{"start":{"line":73,"column":8},"end":{"line":73,"column":32}},{"start":{},"end":{}}],"line":73},"14":{"loc":{"start":{"line":73,"column":11},"end":{"line":73,"column":20}},"type":"binary-expr","locations":[{"start":{"line":73,"column":11},"end":{"line":73,"column":15}},{"start":{"line":73,"column":17},"end":{"line":73,"column":20}}],"line":73}},"s":{"0":3,"1":3,"2":3,"3":3,"4":3,"5":4,"6":4,"7":2,"8":2,"9":2,"10":3,"11":3,"12":4,"13":4,"14":2,"15":2,"16":2,"17":3,"18":3,"19":2,"20":2,"21":1,"22":1,"23":1,"24":3,"25":3,"26":2,"27":2,"28":1,"29":1,"30":1,"31":3,"32":3,"33":3,"34":3,"35":1,"36":2,"37":2,"38":2,"39":2,"40":2,"41":1,"42":1,"43":1,"44":1,"45":3},"f":{"0":4,"1":4,"2":2,"3":2,"4":3},"b":{"0":[2,2],"1":[2,2],"2":[2,0],"3":[2,2],"4":[2,2],"5":[2,0],"6":[1,1],"7":[1,0],"8":[1,1],"9":[1,0],"10":[1,2],"11":[2,0],"12":[1,1],"13":[1,0],"14":[1,1]},"_coverageSchema":"1a1c01bbd47fc00a2c39e90264f33305004495a9","hash":"6968d951c71ab79998f232763788ea5170e61eda"}
}
