{"E:\\zenbasket\\global_functions.js": {"path":"E:\\zenbasket\\global_functions.js","statementMap":{"0":{"start":{"line":1,"column":11},"end":{"line":1,"column":33}},"1":{"start":{"line":3,"column":12},"end":{"line":10,"column":1}},"2":{"start":{"line":4,"column":2},"end":{"line":6,"column":3}},"3":{"start":{"line":5,"column":4},"end":{"line":5,"column":22}},"4":{"start":{"line":7,"column":2},"end":{"line":7,"column":34}},"5":{"start":{"line":8,"column":2},"end":{"line":8,"column":57}},"6":{"start":{"line":8,"column":35},"end":{"line":8,"column":57}},"7":{"start":{"line":9,"column":2},"end":{"line":9,"column":50}},"8":{"start":{"line":12,"column":12},"end":{"line":21,"column":1}},"9":{"start":{"line":13,"column":18},"end":{"line":13,"column":35}},"10":{"start":{"line":15,"column":2},"end":{"line":17,"column":3}},"11":{"start":{"line":16,"column":4},"end":{"line":16,"column":47}},"12":{"start":{"line":19,"column":2},"end":{"line":19,"column":57}},"13":{"start":{"line":19,"column":35},"end":{"line":19,"column":57}},"14":{"start":{"line":20,"column":2},"end":{"line":20,"column":29}},"15":{"start":{"line":23,"column":11},"end":{"line":33,"column":1}},"16":{"start":{"line":24,"column":2},"end":{"line":32,"column":6}},"17":{"start":{"line":27,"column":6},"end":{"line":27,"column":26}},"18":{"start":{"line":30,"column":6},"end":{"line":30,"column":22}},"19":{"start":{"line":35,"column":11},"end":{"line":41,"column":1}},"20":{"start":{"line":36,"column":2},"end":{"line":38,"column":3}},"21":{"start":{"line":37,"column":4},"end":{"line":37,"column":31}},"22":{"start":{"line":40,"column":2},"end":{"line":40,"column":31}},"23":{"start":{"line":44,"column":0},"end":{"line":46,"column":3}},"24":{"start":{"line":45,"column":2},"end":{"line":45,"column":45}},"25":{"start":{"line":48,"column":0},"end":{"line":48,"column":38}}},"fnMap":{"0":{"name":"(anonymous_0)","decl":{"start":{"line":3,"column":12},"end":{"line":3,"column":13}},"loc":{"start":{"line":3,"column":44},"end":{"line":10,"column":1}},"line":3},"1":{"name":"(anonymous_1)","decl":{"start":{"line":12,"column":12},"end":{"line":12,"column":13}},"loc":{"start":{"line":12,"column":39},"end":{"line":21,"column":1}},"line":12},"2":{"name":"(anonymous_2)","decl":{"start":{"line":23,"column":11},"end":{"line":23,"column":12}},"loc":{"start":{"line":23,"column":30},"end":{"line":33,"column":1}},"line":23},"3":{"name":"(anonymous_3)","decl":{"start":{"line":25,"column":10},"end":{"line":25,"column":11}},"loc":{"start":{"line":25,"column":18},"end":{"line":28,"column":5}},"line":25},"4":{"name":"(anonymous_4)","decl":{"start":{"line":28,"column":13},"end":{"line":28,"column":14}},"loc":{"start":{"line":28,"column":20},"end":{"line":31,"column":5}},"line":28},"5":{"name":"(anonymous_5)","decl":{"start":{"line":35,"column":11},"end":{"line":35,"column":12}},"loc":{"start":{"line":35,"column":39},"end":{"line":41,"column":1}},"line":35},"6":{"name":"(anonymous_6)","decl":{"start":{"line":44,"column":33},"end":{"line":44,"column":34}},"loc":{"start":{"line":44,"column":42},"end":{"line":46,"column":1}},"line":44}},"branchMap":{"0":{"loc":{"start":{"line":4,"column":2},"end":{"line":6,"column":3}},"type":"if","locations":[{"start":{"line":4,"column":2},"end":{"line":6,"column":3}},{"start":{},"end":{}}],"line":4},"1":{"loc":{"start":{"line":4,"column":6},"end":{"line":4,"column":65}},"type":"binary-expr","locations":[{"start":{"line":4,"column":6},"end":{"line":4,"column":28}},{"start":{"line":4,"column":32},"end":{"line":4,"column":65}}],"line":4},"2":{"loc":{"start":{"line":8,"column":2},"end":{"line":8,"column":57}},"type":"if","locations":[{"start":{"line":8,"column":2},"end":{"line":8,"column":57}},{"start":{},"end":{}}],"line":8},"3":{"loc":{"start":{"line":15,"column":2},"end":{"line":17,"column":3}},"type":"if","locations":[{"start":{"line":15,"column":2},"end":{"line":17,"column":3}},{"start":{},"end":{}}],"line":15},"4":{"loc":{"start":{"line":19,"column":2},"end":{"line":19,"column":57}},"type":"if","locations":[{"start":{"line":19,"column":2},"end":{"line":19,"column":57}},{"start":{},"end":{}}],"line":19},"5":{"loc":{"start":{"line":36,"column":2},"end":{"line":38,"column":3}},"type":"if","locations":[{"start":{"line":36,"column":2},"end":{"line":38,"column":3}},{"start":{},"end":{}}],"line":36}},"s":{"0":1,"1":1,"2":4,"3":4,"4":4,"5":4,"6":4,"7":4,"8":1,"9":3,"10":3,"11":3,"12":3,"13":3,"14":3,"15":1,"16":16,"17":8,"18":8,"19":1,"20":4,"21":0,"22":4,"23":1,"24":0,"25":1},"f":{"0":4,"1":3,"2":16,"3":8,"4":8,"5":4,"6":0},"b":{"0":[4,0],"1":[4,4],"2":[4,0],"3":[3,0],"4":[3,0],"5":[0,4]},"_coverageSchema":"1a1c01bbd47fc00a2c39e90264f33305004495a9","hash":"884a7e5009e56a4dc90e8a09e2478a18e4d0b54d"}
,"E:\\zenbasket\\config\\config.js": {"path":"E:\\zenbasket\\config\\config.js","statementMap":{"0":{"start":{"line":1,"column":0},"end":{"line":1,"column":27}},"1":{"start":{"line":3,"column":0},"end":{"line":3,"column":11}},"2":{"start":{"line":4,"column":0},"end":{"line":4,"column":28}},"3":{"start":{"line":5,"column":0},"end":{"line":5,"column":37}},"4":{"start":{"line":6,"column":0},"end":{"line":6,"column":37}},"5":{"start":{"line":7,"column":0},"end":{"line":7,"column":37}},"6":{"start":{"line":8,"column":0},"end":{"line":8,"column":45}},"7":{"start":{"line":9,"column":0},"end":{"line":9,"column":37}},"8":{"start":{"line":10,"column":0},"end":{"line":10,"column":42}},"9":{"start":{"line":11,"column":0},"end":{"line":11,"column":48}},"10":{"start":{"line":12,"column":0},"end":{"line":12,"column":48}}},"fnMap":{},"branchMap":{},"s":{"0":1,"1":1,"2":1,"3":1,"4":1,"5":1,"6":1,"7":1,"8":1,"9":1,"10":1},"f":{},"b":{},"_coverageSchema":"1a1c01bbd47fc00a2c39e90264f33305004495a9","hash":"422a9a3d39a5c4b40fc95c348c0fa182cb2e46a8"}
,"E:\\zenbasket\\config\\constant.js": {"path":"E:\\zenbasket\\config\\constant.js","statementMap":{"0":{"start":{"line":1,"column":0},"end":{"line":1,"column":17}},"1":{"start":{"line":3,"column":0},"end":{"line":3,"column":13}},"2":{"start":{"line":4,"column":0},"end":{"line":6,"column":1}}},"fnMap":{},"branchMap":{},"s":{"0":1,"1":1,"2":1},"f":{},"b":{},"_coverageSchema":"1a1c01bbd47fc00a2c39e90264f33305004495a9","hash":"029d47c67dcd97e4b854d48183aaf7fe1b1ac6ae"}
,"E:\\zenbasket\\controller\\settings\\settings.controller.js": {"path":"E:\\zenbasket\\controller\\settings\\settings.controller.js","statementMap":{"0":{"start":{"line":1,"column":23},"end":{"line":1,"column":56}},"1":{"start":{"line":2,"column":15},"end":{"line":2,"column":60}},"2":{"start":{"line":3,"column":25},"end":{"line":3,"column":76}},"3":{"start":{"line":4,"column":30},"end":{"line":4,"column":93}},"4":{"start":{"line":5,"column":24},"end":{"line":5,"column":81}},"5":{"start":{"line":6,"column":17},"end":{"line":6,"column":60}},"6":{"start":{"line":15,"column":16},"end":{"line":19,"column":1}},"7":{"start":{"line":16,"column":21},"end":{"line":16,"column":107}},"8":{"start":{"line":17,"column":4},"end":{"line":17,"column":35}},"9":{"start":{"line":17,"column":12},"end":{"line":17,"column":35}},"10":{"start":{"line":18,"column":4},"end":{"line":18,"column":37}},"11":{"start":{"line":18,"column":13},"end":{"line":18,"column":37}},"12":{"start":{"line":21,"column":0},"end":{"line":21,"column":83}},"13":{"start":{"line":32,"column":16},"end":{"line":36,"column":1}},"14":{"start":{"line":33,"column":21},"end":{"line":33,"column":73}},"15":{"start":{"line":34,"column":4},"end":{"line":34,"column":35}},"16":{"start":{"line":34,"column":12},"end":{"line":34,"column":35}},"17":{"start":{"line":35,"column":4},"end":{"line":35,"column":37}},"18":{"start":{"line":35,"column":13},"end":{"line":35,"column":37}},"19":{"start":{"line":39,"column":0},"end":{"line":39,"column":31}},"20":{"start":{"line":50,"column":19},"end":{"line":54,"column":1}},"21":{"start":{"line":51,"column":23},"end":{"line":51,"column":74}},"22":{"start":{"line":52,"column":4},"end":{"line":52,"column":35}},"23":{"start":{"line":52,"column":12},"end":{"line":52,"column":35}},"24":{"start":{"line":53,"column":4},"end":{"line":53,"column":58}},"25":{"start":{"line":53,"column":15},"end":{"line":53,"column":58}},"26":{"start":{"line":56,"column":0},"end":{"line":56,"column":82}},"27":{"start":{"line":58,"column":0},"end":{"line":58,"column":52}}},"fnMap":{"0":{"name":"(anonymous_0)","decl":{"start":{"line":15,"column":16},"end":{"line":15,"column":17}},"loc":{"start":{"line":15,"column":39},"end":{"line":19,"column":1}},"line":15},"1":{"name":"(anonymous_1)","decl":{"start":{"line":32,"column":16},"end":{"line":32,"column":17}},"loc":{"start":{"line":32,"column":39},"end":{"line":36,"column":1}},"line":32},"2":{"name":"(anonymous_2)","decl":{"start":{"line":50,"column":19},"end":{"line":50,"column":20}},"loc":{"start":{"line":50,"column":42},"end":{"line":54,"column":1}},"line":50}},"branchMap":{"0":{"loc":{"start":{"line":16,"column":58},"end":{"line":16,"column":105}},"type":"cond-expr","locations":[{"start":{"line":16,"column":87},"end":{"line":16,"column":100}},{"start":{"line":16,"column":101},"end":{"line":16,"column":105}}],"line":16},"1":{"loc":{"start":{"line":16,"column":58},"end":{"line":16,"column":86}},"type":"binary-expr","locations":[{"start":{"line":16,"column":58},"end":{"line":16,"column":61}},{"start":{"line":16,"column":63},"end":{"line":16,"column":71}},{"start":{"line":16,"column":73},"end":{"line":16,"column":86}}],"line":16},"2":{"loc":{"start":{"line":17,"column":4},"end":{"line":17,"column":35}},"type":"if","locations":[{"start":{"line":17,"column":4},"end":{"line":17,"column":35}},{"start":{},"end":{}}],"line":17},"3":{"loc":{"start":{"line":18,"column":4},"end":{"line":18,"column":37}},"type":"if","locations":[{"start":{"line":18,"column":4},"end":{"line":18,"column":37}},{"start":{},"end":{}}],"line":18},"4":{"loc":{"start":{"line":34,"column":4},"end":{"line":34,"column":35}},"type":"if","locations":[{"start":{"line":34,"column":4},"end":{"line":34,"column":35}},{"start":{},"end":{}}],"line":34},"5":{"loc":{"start":{"line":35,"column":4},"end":{"line":35,"column":37}},"type":"if","locations":[{"start":{"line":35,"column":4},"end":{"line":35,"column":37}},{"start":{},"end":{}}],"line":35},"6":{"loc":{"start":{"line":52,"column":4},"end":{"line":52,"column":35}},"type":"if","locations":[{"start":{"line":52,"column":4},"end":{"line":52,"column":35}},{"start":{},"end":{}}],"line":52},"7":{"loc":{"start":{"line":53,"column":4},"end":{"line":53,"column":58}},"type":"if","locations":[{"start":{"line":53,"column":4},"end":{"line":53,"column":58}},{"start":{},"end":{}}],"line":53}},"s":{"0":1,"1":1,"2":1,"3":1,"4":1,"5":1,"6":1,"7":2,"8":2,"9":1,"10":1,"11":1,"12":1,"13":1,"14":2,"15":2,"16":1,"17":1,"18":1,"19":1,"20":1,"21":3,"22":3,"23":2,"24":1,"25":1,"26":1,"27":1},"f":{"0":2,"1":2,"2":3},"b":{"0":[2,0],"1":[2,2,2],"2":[1,1],"3":[1,0],"4":[1,1],"5":[1,0],"6":[2,1],"7":[1,0]},"_coverageSchema":"1a1c01bbd47fc00a2c39e90264f33305004495a9","hash":"ca97fe929b5fe4bef5150e7afdf81612c3d35bb4"}
,"E:\\zenbasket\\models\\index.js": {"path":"E:\\zenbasket\\models\\index.js","statementMap":{"0":{"start":{"line":4,"column":9},"end":{"line":4,"column":22}},"1":{"start":{"line":5,"column":11},"end":{"line":5,"column":26}},"2":{"start":{"line":6,"column":16},"end":{"line":6,"column":36}},"3":{"start":{"line":7,"column":15},"end":{"line":7,"column":40}},"4":{"start":{"line":8,"column":9},"end":{"line":8,"column":11}},"5":{"start":{"line":9,"column":0},"end":{"line":9,"column":27}},"6":{"start":{"line":10,"column":0},"end":{"line":10,"column":30}},"7":{"start":{"line":12,"column":18},"end":{"line":12,"column":36}},"8":{"start":{"line":13,"column":0},"end":{"line":118,"column":1}},"9":{"start":{"line":14,"column":2},"end":{"line":35,"column":5}},"10":{"start":{"line":15,"column":4},"end":{"line":34,"column":9}},"11":{"start":{"line":17,"column":8},"end":{"line":21,"column":10}},"12":{"start":{"line":24,"column":8},"end":{"line":33,"column":10}},"13":{"start":{"line":36,"column":2},"end":{"line":41,"column":3}},"14":{"start":{"line":37,"column":49},"end":{"line":37,"column":245}},"15":{"start":{"line":37,"column":90},"end":{"line":37,"column":159}},"16":{"start":{"line":37,"column":135},"end":{"line":37,"column":157}},"17":{"start":{"line":37,"column":209},"end":{"line":37,"column":240}},"18":{"start":{"line":43,"column":18},"end":{"line":66,"column":3}},"19":{"start":{"line":69,"column":23},"end":{"line":84,"column":3}},"20":{"start":{"line":70,"column":17},"end":{"line":70,"column":19}},"21":{"start":{"line":71,"column":18},"end":{"line":82,"column":5}},"22":{"start":{"line":73,"column":8},"end":{"line":77,"column":11}},"23":{"start":{"line":74,"column":10},"end":{"line":76,"column":11}},"24":{"start":{"line":75,"column":12},"end":{"line":75,"column":60}},"25":{"start":{"line":80,"column":8},"end":{"line":80,"column":35}},"26":{"start":{"line":83,"column":4},"end":{"line":83,"column":19}},"27":{"start":{"line":86,"column":2},"end":{"line":107,"column":5}},"28":{"start":{"line":87,"column":4},"end":{"line":106,"column":9}},"29":{"start":{"line":89,"column":8},"end":{"line":93,"column":10}},"30":{"start":{"line":98,"column":20},"end":{"line":101,"column":9}},"31":{"start":{"line":102,"column":8},"end":{"line":102,"column":38}},"32":{"start":{"line":109,"column":2},"end":{"line":114,"column":5}},"33":{"start":{"line":111,"column":4},"end":{"line":113,"column":5}},"34":{"start":{"line":112,"column":6},"end":{"line":112,"column":36}},"35":{"start":{"line":115,"column":2},"end":{"line":115,"column":35}},"36":{"start":{"line":116,"column":2},"end":{"line":116,"column":27}},"37":{"start":{"line":117,"column":2},"end":{"line":117,"column":27}},"38":{"start":{"line":119,"column":0},"end":{"line":119,"column":20}}},"fnMap":{"0":{"name":"(anonymous_0)","decl":{"start":{"line":14,"column":27},"end":{"line":14,"column":28}},"loc":{"start":{"line":14,"column":37},"end":{"line":35,"column":3}},"line":14},"1":{"name":"(anonymous_1)","decl":{"start":{"line":16,"column":14},"end":{"line":16,"column":15}},"loc":{"start":{"line":16,"column":24},"end":{"line":22,"column":7}},"line":16},"2":{"name":"(anonymous_2)","decl":{"start":{"line":23,"column":15},"end":{"line":23,"column":16}},"loc":{"start":{"line":23,"column":25},"end":{"line":34,"column":7}},"line":23},"3":{"name":"(anonymous_3)","decl":{"start":{"line":25,"column":19},"end":{"line":25,"column":20}},"loc":{"start":{"line":25,"column":25},"end":{"line":25,"column":28}},"line":25},"4":{"name":"(anonymous_4)","decl":{"start":{"line":26,"column":16},"end":{"line":26,"column":17}},"loc":{"start":{"line":26,"column":22},"end":{"line":26,"column":25}},"line":26},"5":{"name":"(anonymous_5)","decl":{"start":{"line":27,"column":18},"end":{"line":27,"column":19}},"loc":{"start":{"line":27,"column":24},"end":{"line":27,"column":27}},"line":27},"6":{"name":"(anonymous_6)","decl":{"start":{"line":28,"column":18},"end":{"line":28,"column":19}},"loc":{"start":{"line":28,"column":24},"end":{"line":28,"column":27}},"line":28},"7":{"name":"(anonymous_7)","decl":{"start":{"line":29,"column":18},"end":{"line":29,"column":19}},"loc":{"start":{"line":29,"column":24},"end":{"line":29,"column":27}},"line":29},"8":{"name":"(anonymous_8)","decl":{"start":{"line":30,"column":27},"end":{"line":30,"column":28}},"loc":{"start":{"line":30,"column":33},"end":{"line":30,"column":36}},"line":30},"9":{"name":"(anonymous_9)","decl":{"start":{"line":31,"column":17},"end":{"line":31,"column":18}},"loc":{"start":{"line":31,"column":23},"end":{"line":31,"column":26}},"line":31},"10":{"name":"(anonymous_10)","decl":{"start":{"line":32,"column":19},"end":{"line":32,"column":20}},"loc":{"start":{"line":32,"column":25},"end":{"line":32,"column":28}},"line":32},"11":{"name":"(anonymous_11)","decl":{"start":{"line":37,"column":17},"end":{"line":37,"column":18}},"loc":{"start":{"line":37,"column":27},"end":{"line":37,"column":247}},"line":37},"12":{"name":"(anonymous_12)","decl":{"start":{"line":37,"column":82},"end":{"line":37,"column":83}},"loc":{"start":{"line":37,"column":88},"end":{"line":37,"column":161}},"line":37},"13":{"name":"(anonymous_13)","decl":{"start":{"line":37,"column":173},"end":{"line":37,"column":174}},"loc":{"start":{"line":37,"column":179},"end":{"line":37,"column":182}},"line":37},"14":{"name":"(anonymous_14)","decl":{"start":{"line":37,"column":197},"end":{"line":37,"column":198}},"loc":{"start":{"line":37,"column":207},"end":{"line":37,"column":242}},"line":37},"15":{"name":"(anonymous_15)","decl":{"start":{"line":69,"column":23},"end":{"line":69,"column":24}},"loc":{"start":{"line":69,"column":41},"end":{"line":84,"column":3}},"line":69},"16":{"name":"(anonymous_16)","decl":{"start":{"line":72,"column":6},"end":{"line":72,"column":7}},"loc":{"start":{"line":72,"column":13},"end":{"line":78,"column":7}},"line":72},"17":{"name":"(anonymous_17)","decl":{"start":{"line":73,"column":33},"end":{"line":73,"column":34}},"loc":{"start":{"line":73,"column":43},"end":{"line":77,"column":9}},"line":73},"18":{"name":"(anonymous_18)","decl":{"start":{"line":75,"column":46},"end":{"line":75,"column":47}},"loc":{"start":{"line":75,"column":55},"end":{"line":75,"column":58}},"line":75},"19":{"name":"(anonymous_19)","decl":{"start":{"line":79,"column":6},"end":{"line":79,"column":7}},"loc":{"start":{"line":79,"column":15},"end":{"line":81,"column":7}},"line":79},"20":{"name":"(anonymous_20)","decl":{"start":{"line":86,"column":27},"end":{"line":86,"column":28}},"loc":{"start":{"line":86,"column":37},"end":{"line":107,"column":3}},"line":86},"21":{"name":"(anonymous_21)","decl":{"start":{"line":88,"column":14},"end":{"line":88,"column":15}},"loc":{"start":{"line":88,"column":24},"end":{"line":94,"column":7}},"line":88},"22":{"name":"(anonymous_22)","decl":{"start":{"line":95,"column":15},"end":{"line":95,"column":16}},"loc":{"start":{"line":95,"column":25},"end":{"line":106,"column":7}},"line":95},"23":{"name":"(anonymous_23)","decl":{"start":{"line":109,"column":26},"end":{"line":109,"column":27}},"loc":{"start":{"line":109,"column":41},"end":{"line":114,"column":3}},"line":109}},"branchMap":{"0":{"loc":{"start":{"line":13,"column":0},"end":{"line":118,"column":1}},"type":"if","locations":[{"start":{"line":13,"column":0},"end":{"line":118,"column":1}},{"start":{"line":42,"column":7},"end":{"line":118,"column":1}}],"line":13},"1":{"loc":{"start":{"line":13,"column":4},"end":{"line":13,"column":54}},"type":"binary-expr","locations":[{"start":{"line":13,"column":4},"end":{"line":13,"column":15}},{"start":{"line":13,"column":19},"end":{"line":13,"column":54}}],"line":13},"2":{"loc":{"start":{"line":18,"column":10},"end":{"line":20,"column":34}},"type":"binary-expr","locations":[{"start":{"line":18,"column":10},"end":{"line":18,"column":33}},{"start":{"line":19,"column":10},"end":{"line":19,"column":27}},{"start":{"line":20,"column":10},"end":{"line":20,"column":34}}],"line":18},"3":{"loc":{"start":{"line":37,"column":90},"end":{"line":37,"column":159}},"type":"if","locations":[{"start":{"line":37,"column":90},"end":{"line":37,"column":159}},{"start":{},"end":{}}],"line":37},"4":{"loc":{"start":{"line":37,"column":94},"end":{"line":37,"column":131}},"type":"binary-expr","locations":[{"start":{"line":37,"column":94},"end":{"line":37,"column":108}},{"start":{"line":37,"column":112},"end":{"line":37,"column":131}}],"line":37},"5":{"loc":{"start":{"line":74,"column":10},"end":{"line":76,"column":11}},"type":"if","locations":[{"start":{"line":74,"column":10},"end":{"line":76,"column":11}},{"start":{},"end":{}}],"line":74},"6":{"loc":{"start":{"line":90,"column":10},"end":{"line":92,"column":34}},"type":"binary-expr","locations":[{"start":{"line":90,"column":10},"end":{"line":90,"column":33}},{"start":{"line":91,"column":10},"end":{"line":91,"column":27}},{"start":{"line":92,"column":10},"end":{"line":92,"column":34}}],"line":90},"7":{"loc":{"start":{"line":111,"column":4},"end":{"line":113,"column":5}},"type":"if","locations":[{"start":{"line":111,"column":4},"end":{"line":113,"column":5}},{"start":{},"end":{}}],"line":111}},"s":{"0":1,"1":1,"2":1,"3":1,"4":1,"5":1,"6":1,"7":1,"8":1,"9":0,"10":0,"11":0,"12":0,"13":0,"14":0,"15":0,"16":0,"17":0,"18":1,"19":1,"20":1,"21":1,"22":0,"23":0,"24":0,"25":0,"26":0,"27":1,"28":2,"29":3,"30":3,"31":3,"32":1,"33":3,"34":0,"35":1,"36":1,"37":1,"38":1},"f":{"0":0,"1":0,"2":0,"3":0,"4":0,"5":0,"6":0,"7":0,"8":0,"9":0,"10":0,"11":0,"12":0,"13":0,"14":0,"15":1,"16":0,"17":0,"18":0,"19":0,"20":2,"21":3,"22":3,"23":3},"b":{"0":[0,1],"1":[1,0],"2":[0,0,0],"3":[0,0],"4":[0,0],"5":[0,0],"6":[3,3,3],"7":[0,3]},"_coverageSchema":"1a1c01bbd47fc00a2c39e90264f33305004495a9","hash":"adbf37031b33b83bf1e1ff5d4b52a3b12eb0fc9d"}
,"E:\\zenbasket\\models\\employee\\employee.js": {"path":"E:\\zenbasket\\models\\employee\\employee.js","statementMap":{"0":{"start":{"line":1,"column":0},"end":{"line":38,"column":2}},"1":{"start":{"line":2,"column":19},"end":{"line":35,"column":6}},"2":{"start":{"line":37,"column":4},"end":{"line":37,"column":19}}},"fnMap":{"0":{"name":"(anonymous_0)","decl":{"start":{"line":1,"column":17},"end":{"line":1,"column":18}},"loc":{"start":{"line":1,"column":33},"end":{"line":38,"column":1}},"line":1}},"branchMap":{},"s":{"0":1,"1":1,"2":1},"f":{"0":1},"b":{},"_coverageSchema":"1a1c01bbd47fc00a2c39e90264f33305004495a9","hash":"b3c12b855f380b372a3553822ac554a67ae353a9"}
,"E:\\zenbasket\\models\\settings\\department.js": {"path":"E:\\zenbasket\\models\\settings\\department.js","statementMap":{"0":{"start":{"line":1,"column":0},"end":{"line":19,"column":2}},"1":{"start":{"line":2,"column":21},"end":{"line":17,"column":6}},"2":{"start":{"line":18,"column":4},"end":{"line":18,"column":21}}},"fnMap":{"0":{"name":"(anonymous_0)","decl":{"start":{"line":1,"column":17},"end":{"line":1,"column":18}},"loc":{"start":{"line":1,"column":33},"end":{"line":19,"column":1}},"line":1}},"branchMap":{},"s":{"0":1,"1":1,"2":1},"f":{"0":1},"b":{},"_coverageSchema":"1a1c01bbd47fc00a2c39e90264f33305004495a9","hash":"5fcc6c46e277885ee7f5d6f40e8a71930471e820"}
,"E:\\zenbasket\\models\\settings\\role.js": {"path":"E:\\zenbasket\\models\\settings\\role.js","statementMap":{"0":{"start":{"line":1,"column":0},"end":{"line":23,"column":2}},"1":{"start":{"line":2,"column":15},"end":{"line":21,"column":6}},"2":{"start":{"line":22,"column":4},"end":{"line":22,"column":15}}},"fnMap":{"0":{"name":"(anonymous_0)","decl":{"start":{"line":1,"column":17},"end":{"line":1,"column":18}},"loc":{"start":{"line":1,"column":33},"end":{"line":23,"column":1}},"line":1}},"branchMap":{},"s":{"0":1,"1":1,"2":1},"f":{"0":1},"b":{},"_coverageSchema":"1a1c01bbd47fc00a2c39e90264f33305004495a9","hash":"90459273756700c416d00e7c088c1db91f285fff"}
,"E:\\zenbasket\\routes\\validator\\settings\\department.validator.js": {"path":"E:\\zenbasket\\routes\\validator\\settings\\department.validator.js","statementMap":{"0":{"start":{"line":1,"column":21},"end":{"line":1,"column":49}},"1":{"start":{"line":3,"column":28},"end":{"line":8,"column":1}},"2":{"start":{"line":10,"column":0},"end":{"line":10,"column":56}}},"fnMap":{},"branchMap":{},"s":{"0":1,"1":1,"2":1},"f":{},"b":{},"_coverageSchema":"1a1c01bbd47fc00a2c39e90264f33305004495a9","hash":"27d7a338977e0c884c5805e9022348a0185ae2e0"}
,"E:\\zenbasket\\routes\\validator\\settings\\role.validator.js": {"path":"E:\\zenbasket\\routes\\validator\\settings\\role.validator.js","statementMap":{"0":{"start":{"line":1,"column":26},"end":{"line":1,"column":54}},"1":{"start":{"line":4,"column":22},"end":{"line":8,"column":1}},"2":{"start":{"line":10,"column":0},"end":{"line":10,"column":44}}},"fnMap":{},"branchMap":{},"s":{"0":1,"1":1,"2":1},"f":{},"b":{},"_coverageSchema":"1a1c01bbd47fc00a2c39e90264f33305004495a9","hash":"af2ae620a200bd59959bf3091180c3c135e9219b"}
,"E:\\zenbasket\\services\\settings\\settings.service.js": {"path":"E:\\zenbasket\\services\\settings\\settings.service.js","statementMap":{"0":{"start":{"line":1,"column":19},"end":{"line":1,"column":53}},"1":{"start":{"line":2,"column":14},"end":{"line":2,"column":42}},"2":{"start":{"line":3,"column":17},"end":{"line":3,"column":49}},"3":{"start":{"line":4,"column":21},"end":{"line":4,"column":54}},"4":{"start":{"line":6,"column":16},"end":{"line":15,"column":1}},"5":{"start":{"line":8,"column":21},"end":{"line":12,"column":7}},"6":{"start":{"line":13,"column":4},"end":{"line":13,"column":34}},"7":{"start":{"line":13,"column":12},"end":{"line":13,"column":34}},"8":{"start":{"line":14,"column":4},"end":{"line":14,"column":24}},"9":{"start":{"line":14,"column":13},"end":{"line":14,"column":24}},"10":{"start":{"line":17,"column":0},"end":{"line":17,"column":32}},"11":{"start":{"line":19,"column":16},"end":{"line":28,"column":1}},"12":{"start":{"line":21,"column":21},"end":{"line":25,"column":7}},"13":{"start":{"line":26,"column":4},"end":{"line":26,"column":34}},"14":{"start":{"line":26,"column":12},"end":{"line":26,"column":34}},"15":{"start":{"line":27,"column":4},"end":{"line":27,"column":24}},"16":{"start":{"line":27,"column":13},"end":{"line":27,"column":24}},"17":{"start":{"line":30,"column":0},"end":{"line":30,"column":32}},"18":{"start":{"line":33,"column":20},"end":{"line":37,"column":1}},"19":{"start":{"line":34,"column":21},"end":{"line":34,"column":58}},"20":{"start":{"line":35,"column":4},"end":{"line":35,"column":34}},"21":{"start":{"line":35,"column":12},"end":{"line":35,"column":34}},"22":{"start":{"line":36,"column":4},"end":{"line":36,"column":24}},"23":{"start":{"line":36,"column":13},"end":{"line":36,"column":24}},"24":{"start":{"line":39,"column":0},"end":{"line":39,"column":40}},"25":{"start":{"line":41,"column":20},"end":{"line":45,"column":1}},"26":{"start":{"line":42,"column":21},"end":{"line":42,"column":52}},"27":{"start":{"line":43,"column":4},"end":{"line":43,"column":34}},"28":{"start":{"line":43,"column":12},"end":{"line":43,"column":34}},"29":{"start":{"line":44,"column":4},"end":{"line":44,"column":24}},"30":{"start":{"line":44,"column":13},"end":{"line":44,"column":24}},"31":{"start":{"line":47,"column":0},"end":{"line":47,"column":40}},"32":{"start":{"line":49,"column":19},"end":{"line":77,"column":1}},"33":{"start":{"line":50,"column":21},"end":{"line":58,"column":10}},"34":{"start":{"line":59,"column":4},"end":{"line":59,"column":34}},"35":{"start":{"line":59,"column":12},"end":{"line":59,"column":34}},"36":{"start":{"line":60,"column":4},"end":{"line":60,"column":29}},"37":{"start":{"line":61,"column":4},"end":{"line":75,"column":5}},"38":{"start":{"line":62,"column":8},"end":{"line":62,"column":27}},"39":{"start":{"line":63,"column":25},"end":{"line":70,"column":15}},"40":{"start":{"line":71,"column":8},"end":{"line":71,"column":40}},"41":{"start":{"line":71,"column":17},"end":{"line":71,"column":40}},"42":{"start":{"line":72,"column":8},"end":{"line":72,"column":33}},"43":{"start":{"line":73,"column":8},"end":{"line":73,"column":32}},"44":{"start":{"line":73,"column":22},"end":{"line":73,"column":32}},"45":{"start":{"line":79,"column":0},"end":{"line":79,"column":38}}},"fnMap":{"0":{"name":"(anonymous_0)","decl":{"start":{"line":6,"column":16},"end":{"line":6,"column":17}},"loc":{"start":{"line":6,"column":36},"end":{"line":15,"column":1}},"line":6},"1":{"name":"(anonymous_1)","decl":{"start":{"line":19,"column":16},"end":{"line":19,"column":17}},"loc":{"start":{"line":19,"column":36},"end":{"line":28,"column":1}},"line":19},"2":{"name":"(anonymous_2)","decl":{"start":{"line":33,"column":20},"end":{"line":33,"column":21}},"loc":{"start":{"line":33,"column":40},"end":{"line":37,"column":1}},"line":33},"3":{"name":"(anonymous_3)","decl":{"start":{"line":41,"column":20},"end":{"line":41,"column":21}},"loc":{"start":{"line":41,"column":40},"end":{"line":45,"column":1}},"line":41},"4":{"name":"(anonymous_4)","decl":{"start":{"line":49,"column":19},"end":{"line":49,"column":20}},"loc":{"start":{"line":49,"column":39},"end":{"line":77,"column":1}},"line":49}},"branchMap":{"0":{"loc":{"start":{"line":13,"column":4},"end":{"line":13,"column":34}},"type":"if","locations":[{"start":{"line":13,"column":4},"end":{"line":13,"column":34}},{"start":{},"end":{}}],"line":13},"1":{"loc":{"start":{"line":14,"column":4},"end":{"line":14,"column":24}},"type":"if","locations":[{"start":{"line":14,"column":4},"end":{"line":14,"column":24}},{"start":{},"end":{}}],"line":14},"2":{"loc":{"start":{"line":26,"column":4},"end":{"line":26,"column":34}},"type":"if","locations":[{"start":{"line":26,"column":4},"end":{"line":26,"column":34}},{"start":{},"end":{}}],"line":26},"3":{"loc":{"start":{"line":27,"column":4},"end":{"line":27,"column":24}},"type":"if","locations":[{"start":{"line":27,"column":4},"end":{"line":27,"column":24}},{"start":{},"end":{}}],"line":27},"4":{"loc":{"start":{"line":35,"column":4},"end":{"line":35,"column":34}},"type":"if","locations":[{"start":{"line":35,"column":4},"end":{"line":35,"column":34}},{"start":{},"end":{}}],"line":35},"5":{"loc":{"start":{"line":36,"column":4},"end":{"line":36,"column":24}},"type":"if","locations":[{"start":{"line":36,"column":4},"end":{"line":36,"column":24}},{"start":{},"end":{}}],"line":36},"6":{"loc":{"start":{"line":43,"column":4},"end":{"line":43,"column":34}},"type":"if","locations":[{"start":{"line":43,"column":4},"end":{"line":43,"column":34}},{"start":{},"end":{}}],"line":43},"7":{"loc":{"start":{"line":44,"column":4},"end":{"line":44,"column":24}},"type":"if","locations":[{"start":{"line":44,"column":4},"end":{"line":44,"column":24}},{"start":{},"end":{}}],"line":44},"8":{"loc":{"start":{"line":59,"column":4},"end":{"line":59,"column":34}},"type":"if","locations":[{"start":{"line":59,"column":4},"end":{"line":59,"column":34}},{"start":{},"end":{}}],"line":59},"9":{"loc":{"start":{"line":61,"column":4},"end":{"line":75,"column":5}},"type":"if","locations":[{"start":{"line":61,"column":4},"end":{"line":75,"column":5}},{"start":{},"end":{}}],"line":61},"10":{"loc":{"start":{"line":71,"column":8},"end":{"line":71,"column":40}},"type":"if","locations":[{"start":{"line":71,"column":8},"end":{"line":71,"column":40}},{"start":{},"end":{}}],"line":71},"11":{"loc":{"start":{"line":73,"column":8},"end":{"line":73,"column":32}},"type":"if","locations":[{"start":{"line":73,"column":8},"end":{"line":73,"column":32}},{"start":{},"end":{}}],"line":73},"12":{"loc":{"start":{"line":73,"column":11},"end":{"line":73,"column":20}},"type":"binary-expr","locations":[{"start":{"line":73,"column":11},"end":{"line":73,"column":15}},{"start":{"line":73,"column":17},"end":{"line":73,"column":20}}],"line":73}},"s":{"0":1,"1":1,"2":1,"3":1,"4":1,"5":0,"6":0,"7":0,"8":0,"9":0,"10":1,"11":1,"12":0,"13":0,"14":0,"15":0,"16":0,"17":1,"18":1,"19":2,"20":2,"21":1,"22":1,"23":1,"24":1,"25":1,"26":2,"27":2,"28":1,"29":1,"30":1,"31":1,"32":1,"33":3,"34":3,"35":1,"36":2,"37":2,"38":2,"39":2,"40":2,"41":1,"42":1,"43":1,"44":1,"45":1},"f":{"0":0,"1":0,"2":2,"3":2,"4":3},"b":{"0":[0,0],"1":[0,0],"2":[0,0],"3":[0,0],"4":[1,1],"5":[1,0],"6":[1,1],"7":[1,0],"8":[1,2],"9":[2,0],"10":[1,1],"11":[1,0],"12":[1,1]},"_coverageSchema":"1a1c01bbd47fc00a2c39e90264f33305004495a9","hash":"2b1b0780b51a33eea134acf25da78d18c49b0feb"}
}
