TN:
SF:global_functions.js
FN:3,(anonymous_0)
FN:12,(anonymous_1)
FN:23,(anonymous_2)
FN:25,(anonymous_3)
FN:28,(anonymous_4)
FN:35,(anonymous_5)
FN:44,(anonymous_6)
FNF:7
FNH:6
FNDA:4,(anonymous_0)
FNDA:3,(anonymous_1)
FNDA:16,(anonymous_2)
FNDA:8,(anonymous_3)
FNDA:8,(anonymous_4)
FNDA:4,(anonymous_5)
FNDA:0,(anonymous_6)
DA:1,1
DA:3,1
DA:4,4
DA:5,4
DA:7,4
DA:8,4
DA:9,4
DA:12,1
DA:13,3
DA:15,3
DA:16,3
DA:19,3
DA:20,3
DA:23,1
DA:24,16
DA:27,8
DA:30,8
DA:35,1
DA:36,4
DA:37,0
DA:40,4
DA:44,1
DA:45,0
DA:48,1
LF:24
LH:22
BRDA:4,0,0,4
BRDA:4,0,1,0
BRDA:4,1,0,4
BRDA:4,1,1,4
BRDA:8,2,0,4
BRDA:8,2,1,0
BRDA:15,3,0,3
BRDA:15,3,1,0
BRDA:19,4,0,3
BRDA:19,4,1,0
BRDA:36,5,0,0
BRDA:36,5,1,4
BRF:12
BRH:7
end_of_record
TN:
SF:config\config.js
FNF:0
FNH:0
DA:1,1
DA:3,1
DA:4,1
DA:5,1
DA:6,1
DA:7,1
DA:8,1
DA:9,1
DA:10,1
DA:11,1
DA:12,1
LF:11
LH:11
BRF:0
BRH:0
end_of_record
TN:
SF:config\constant.js
FNF:0
FNH:0
DA:1,1
DA:3,1
DA:4,1
LF:3
LH:3
BRF:0
BRH:0
end_of_record
TN:
SF:controller\settings\settings.controller.js
FN:15,(anonymous_0)
FN:32,(anonymous_1)
FN:50,(anonymous_2)
FNF:3
FNH:3
FNDA:2,(anonymous_0)
FNDA:2,(anonymous_1)
FNDA:3,(anonymous_2)
DA:1,1
DA:2,1
DA:3,1
DA:4,1
DA:5,1
DA:6,1
DA:15,1
DA:16,2
DA:17,2
DA:18,1
DA:21,1
DA:32,1
DA:33,2
DA:34,2
DA:35,1
DA:39,1
DA:50,1
DA:51,3
DA:52,3
DA:53,1
DA:56,1
DA:58,1
LF:22
LH:22
BRDA:16,0,0,2
BRDA:16,0,1,0
BRDA:16,1,0,2
BRDA:16,1,1,2
BRDA:16,1,2,2
BRDA:17,2,0,1
BRDA:17,2,1,1
BRDA:18,3,0,1
BRDA:18,3,1,0
BRDA:34,4,0,1
BRDA:34,4,1,1
BRDA:35,5,0,1
BRDA:35,5,1,0
BRDA:52,6,0,2
BRDA:52,6,1,1
BRDA:53,7,0,1
BRDA:53,7,1,0
BRF:17
BRH:13
end_of_record
TN:
SF:models\index.js
FN:14,(anonymous_0)
FN:16,(anonymous_1)
FN:23,(anonymous_2)
FN:25,(anonymous_3)
FN:26,(anonymous_4)
FN:27,(anonymous_5)
FN:28,(anonymous_6)
FN:29,(anonymous_7)
FN:30,(anonymous_8)
FN:31,(anonymous_9)
FN:32,(anonymous_10)
FN:37,(anonymous_11)
FN:37,(anonymous_12)
FN:37,(anonymous_13)
FN:37,(anonymous_14)
FN:69,(anonymous_15)
FN:72,(anonymous_16)
FN:73,(anonymous_17)
FN:75,(anonymous_18)
FN:79,(anonymous_19)
FN:86,(anonymous_20)
FN:88,(anonymous_21)
FN:95,(anonymous_22)
FN:109,(anonymous_23)
FNF:24
FNH:5
FNDA:0,(anonymous_0)
FNDA:0,(anonymous_1)
FNDA:0,(anonymous_2)
FNDA:0,(anonymous_3)
FNDA:0,(anonymous_4)
FNDA:0,(anonymous_5)
FNDA:0,(anonymous_6)
FNDA:0,(anonymous_7)
FNDA:0,(anonymous_8)
FNDA:0,(anonymous_9)
FNDA:0,(anonymous_10)
FNDA:0,(anonymous_11)
FNDA:0,(anonymous_12)
FNDA:0,(anonymous_13)
FNDA:0,(anonymous_14)
FNDA:1,(anonymous_15)
FNDA:0,(anonymous_16)
FNDA:0,(anonymous_17)
FNDA:0,(anonymous_18)
FNDA:0,(anonymous_19)
FNDA:2,(anonymous_20)
FNDA:3,(anonymous_21)
FNDA:3,(anonymous_22)
FNDA:3,(anonymous_23)
DA:4,1
DA:5,1
DA:6,1
DA:7,1
DA:8,1
DA:9,1
DA:10,1
DA:12,1
DA:13,1
DA:14,0
DA:15,0
DA:17,0
DA:24,0
DA:36,0
DA:37,0
DA:43,1
DA:69,1
DA:70,1
DA:71,1
DA:73,0
DA:74,0
DA:75,0
DA:80,0
DA:83,0
DA:86,1
DA:87,2
DA:89,3
DA:98,3
DA:102,3
DA:109,1
DA:111,3
DA:112,0
DA:115,1
DA:116,1
DA:117,1
DA:119,1
LF:36
LH:24
BRDA:13,0,0,0
BRDA:13,0,1,1
BRDA:13,1,0,1
BRDA:13,1,1,0
BRDA:18,2,0,0
BRDA:18,2,1,0
BRDA:18,2,2,0
BRDA:37,3,0,0
BRDA:37,3,1,0
BRDA:37,4,0,0
BRDA:37,4,1,0
BRDA:74,5,0,0
BRDA:74,5,1,0
BRDA:90,6,0,3
BRDA:90,6,1,3
BRDA:90,6,2,3
BRDA:111,7,0,0
BRDA:111,7,1,3
BRF:18
BRH:6
end_of_record
TN:
SF:models\employee\employee.js
FN:1,(anonymous_0)
FNF:1
FNH:1
FNDA:1,(anonymous_0)
DA:1,1
DA:2,1
DA:37,1
LF:3
LH:3
BRF:0
BRH:0
end_of_record
TN:
SF:models\settings\department.js
FN:1,(anonymous_0)
FNF:1
FNH:1
FNDA:1,(anonymous_0)
DA:1,1
DA:2,1
DA:18,1
LF:3
LH:3
BRF:0
BRH:0
end_of_record
TN:
SF:models\settings\role.js
FN:1,(anonymous_0)
FNF:1
FNH:1
FNDA:1,(anonymous_0)
DA:1,1
DA:2,1
DA:22,1
LF:3
LH:3
BRF:0
BRH:0
end_of_record
TN:
SF:routes\validator\settings\department.validator.js
FNF:0
FNH:0
DA:1,1
DA:3,1
DA:10,1
LF:3
LH:3
BRF:0
BRH:0
end_of_record
TN:
SF:routes\validator\settings\role.validator.js
FNF:0
FNH:0
DA:1,1
DA:4,1
DA:10,1
LF:3
LH:3
BRF:0
BRH:0
end_of_record
TN:
SF:services\settings\settings.service.js
FN:6,(anonymous_0)
FN:19,(anonymous_1)
FN:33,(anonymous_2)
FN:41,(anonymous_3)
FN:49,(anonymous_4)
FNF:5
FNH:3
FNDA:0,(anonymous_0)
FNDA:0,(anonymous_1)
FNDA:2,(anonymous_2)
FNDA:2,(anonymous_3)
FNDA:3,(anonymous_4)
DA:1,1
DA:2,1
DA:3,1
DA:4,1
DA:6,1
DA:8,0
DA:13,0
DA:14,0
DA:17,1
DA:19,1
DA:21,0
DA:26,0
DA:27,0
DA:30,1
DA:33,1
DA:34,2
DA:35,2
DA:36,1
DA:39,1
DA:41,1
DA:42,2
DA:43,2
DA:44,1
DA:47,1
DA:49,1
DA:50,3
DA:59,3
DA:60,2
DA:61,2
DA:62,2
DA:63,2
DA:71,2
DA:72,1
DA:73,1
DA:79,1
LF:35
LH:29
BRDA:13,0,0,0
BRDA:13,0,1,0
BRDA:14,1,0,0
BRDA:14,1,1,0
BRDA:26,2,0,0
BRDA:26,2,1,0
BRDA:27,3,0,0
BRDA:27,3,1,0
BRDA:35,4,0,1
BRDA:35,4,1,1
BRDA:36,5,0,1
BRDA:36,5,1,0
BRDA:43,6,0,1
BRDA:43,6,1,1
BRDA:44,7,0,1
BRDA:44,7,1,0
BRDA:59,8,0,1
BRDA:59,8,1,2
BRDA:61,9,0,2
BRDA:61,9,1,0
BRDA:71,10,0,1
BRDA:71,10,1,1
BRDA:73,11,0,1
BRDA:73,11,1,0
BRDA:73,12,0,1
BRDA:73,12,1,1
BRF:26
BRH:14
end_of_record
