TN:
SF:global_functions.js
FN:3,(anonymous_0)
FN:12,(anonymous_1)
FN:23,(anonymous_2)
FN:25,(anonymous_3)
FN:28,(anonymous_4)
FN:35,(anonymous_5)
FN:44,(anonymous_6)
FNF:7
FNH:6
FNDA:4,(anonymous_0)
FNDA:2,(anonymous_1)
FNDA:14,(anonymous_2)
FNDA:7,(anonymous_3)
FNDA:6,(anonymous_4)
FNDA:2,(anonymous_5)
FNDA:0,(anonymous_6)
DA:1,1
DA:3,1
DA:4,4
DA:5,4
DA:7,4
DA:8,4
DA:9,4
DA:12,1
DA:13,2
DA:15,2
DA:16,2
DA:19,2
DA:20,2
DA:23,1
DA:24,14
DA:27,7
DA:30,6
DA:35,1
DA:36,2
DA:37,0
DA:40,2
DA:44,1
DA:45,0
DA:48,1
LF:24
LH:22
BRDA:4,0,0,4
BRDA:4,0,1,0
BRDA:4,1,0,4
BRDA:4,1,1,4
BRDA:8,2,0,4
BRDA:8,2,1,0
BRDA:15,3,0,2
BRDA:15,3,1,0
BRDA:19,4,0,2
BRDA:19,4,1,0
BRDA:36,5,0,0
BRDA:36,5,1,2
BRF:12
BRH:7
end_of_record
TN:
SF:config\config.js
FNF:0
FNH:0
DA:1,1
DA:3,1
DA:4,1
DA:5,1
DA:6,1
DA:7,1
DA:8,1
DA:9,1
DA:10,1
DA:11,1
DA:12,1
LF:11
LH:11
BRF:0
BRH:0
end_of_record
TN:
SF:config\constant.js
FNF:0
FNH:0
DA:1,1
DA:3,1
DA:4,1
LF:3
LH:3
BRF:0
BRH:0
end_of_record
TN:
SF:controller\employee\employee.controller.js
FN:18,(anonymous_0)
FN:34,(anonymous_1)
FN:40,(anonymous_2)
FNF:3
FNH:2
FNDA:0,(anonymous_0)
FNDA:2,(anonymous_1)
FNDA:4,(anonymous_2)
DA:1,1
DA:2,1
DA:3,1
DA:4,1
DA:5,1
DA:18,1
DA:19,0
DA:20,0
DA:21,0
DA:22,0
DA:34,1
DA:35,2
DA:36,2
DA:37,1
DA:40,1
DA:41,4
DA:42,4
DA:43,4
DA:45,1
DA:51,1
DA:52,1
DA:53,1
DA:55,1
LF:23
LH:19
BRDA:21,0,0,0
BRDA:21,0,1,0
BRDA:22,1,0,0
BRDA:22,1,1,0
BRDA:36,2,0,1
BRDA:36,2,1,1
BRDA:37,3,0,1
BRDA:37,3,1,0
BRDA:43,4,0,3
BRDA:43,4,1,1
BRDA:45,5,0,1
BRDA:45,5,1,0
BRF:12
BRH:6
end_of_record
TN:
SF:middleware\validate-schema.js
FN:3,(anonymous_0)
FNF:1
FNH:0
FNDA:0,(anonymous_0)
DA:1,1
DA:3,1
DA:4,0
DA:6,0
DA:7,0
DA:15,0
DA:17,1
LF:7
LH:3
BRDA:6,0,0,0
BRDA:6,0,1,0
BRF:2
BRH:0
end_of_record
TN:
SF:models\index.js
FN:14,(anonymous_0)
FN:16,(anonymous_1)
FN:23,(anonymous_2)
FN:25,(anonymous_3)
FN:26,(anonymous_4)
FN:27,(anonymous_5)
FN:28,(anonymous_6)
FN:29,(anonymous_7)
FN:30,(anonymous_8)
FN:31,(anonymous_9)
FN:32,(anonymous_10)
FN:37,(anonymous_11)
FN:37,(anonymous_12)
FN:37,(anonymous_13)
FN:37,(anonymous_14)
FN:69,(anonymous_15)
FN:72,(anonymous_16)
FN:73,(anonymous_17)
FN:75,(anonymous_18)
FN:79,(anonymous_19)
FN:86,(anonymous_20)
FN:88,(anonymous_21)
FN:95,(anonymous_22)
FN:109,(anonymous_23)
FNF:24
FNH:5
FNDA:0,(anonymous_0)
FNDA:0,(anonymous_1)
FNDA:0,(anonymous_2)
FNDA:0,(anonymous_3)
FNDA:0,(anonymous_4)
FNDA:0,(anonymous_5)
FNDA:0,(anonymous_6)
FNDA:0,(anonymous_7)
FNDA:0,(anonymous_8)
FNDA:0,(anonymous_9)
FNDA:0,(anonymous_10)
FNDA:0,(anonymous_11)
FNDA:0,(anonymous_12)
FNDA:0,(anonymous_13)
FNDA:0,(anonymous_14)
FNDA:1,(anonymous_15)
FNDA:0,(anonymous_16)
FNDA:0,(anonymous_17)
FNDA:0,(anonymous_18)
FNDA:0,(anonymous_19)
FNDA:2,(anonymous_20)
FNDA:3,(anonymous_21)
FNDA:3,(anonymous_22)
FNDA:3,(anonymous_23)
DA:4,1
DA:5,1
DA:6,1
DA:7,1
DA:8,1
DA:9,1
DA:10,1
DA:12,1
DA:13,1
DA:14,0
DA:15,0
DA:17,0
DA:24,0
DA:36,0
DA:37,0
DA:43,1
DA:69,1
DA:70,1
DA:71,1
DA:73,0
DA:74,0
DA:75,0
DA:80,0
DA:83,0
DA:86,1
DA:87,2
DA:89,3
DA:98,3
DA:102,3
DA:109,1
DA:111,3
DA:112,0
DA:115,1
DA:116,1
DA:117,1
DA:119,1
LF:36
LH:24
BRDA:13,0,0,0
BRDA:13,0,1,1
BRDA:13,1,0,1
BRDA:13,1,1,0
BRDA:18,2,0,0
BRDA:18,2,1,0
BRDA:18,2,2,0
BRDA:37,3,0,0
BRDA:37,3,1,0
BRDA:37,4,0,0
BRDA:37,4,1,0
BRDA:74,5,0,0
BRDA:74,5,1,0
BRDA:90,6,0,3
BRDA:90,6,1,3
BRDA:90,6,2,3
BRDA:111,7,0,0
BRDA:111,7,1,3
BRF:18
BRH:6
end_of_record
TN:
SF:models\employee\employee.js
FN:1,(anonymous_0)
FNF:1
FNH:1
FNDA:1,(anonymous_0)
DA:1,1
DA:2,1
DA:37,1
LF:3
LH:3
BRF:0
BRH:0
end_of_record
TN:
SF:models\settings\department.js
FN:1,(anonymous_0)
FNF:1
FNH:1
FNDA:1,(anonymous_0)
DA:1,1
DA:2,1
DA:18,1
LF:3
LH:3
BRF:0
BRH:0
end_of_record
TN:
SF:models\settings\role.js
FN:1,(anonymous_0)
FNF:1
FNH:1
FNDA:1,(anonymous_0)
DA:1,1
DA:2,1
DA:22,1
LF:3
LH:3
BRF:0
BRH:0
end_of_record
TN:
SF:routes\validator\employee\employee.validator.js
FNF:0
FNH:0
DA:1,1
DA:3,1
DA:18,1
LF:3
LH:3
BRF:0
BRH:0
end_of_record
TN:
SF:services\consolidated.service.js
FN:3,(anonymous_0)
FNF:1
FNH:0
FNDA:0,(anonymous_0)
DA:1,1
DA:3,1
DA:5,0
DA:6,0
DA:8,0
DA:10,0
DA:11,0
DA:13,1
LF:8
LH:3
BRDA:3,0,0,0
BRDA:5,1,0,0
BRDA:5,1,1,0
BRDA:10,2,0,0
BRDA:10,2,1,0
BRF:5
BRH:0
end_of_record
TN:
SF:services\employee\employee.service.js
FN:7,(anonymous_0)
FN:23,(anonymous_1)
FN:46,(anonymous_2)
FNF:3
FNH:2
FNDA:0,(anonymous_0)
FNDA:2,(anonymous_1)
FNDA:4,(anonymous_2)
DA:1,1
DA:2,1
DA:3,1
DA:4,1
DA:5,1
DA:7,1
DA:8,0
DA:9,0
DA:18,0
DA:19,0
DA:21,1
DA:23,1
DA:24,2
DA:29,2
DA:40,1
DA:44,1
DA:46,1
DA:47,4
DA:52,3
DA:53,2
DA:54,2
DA:55,2
DA:57,1
DA:58,1
DA:59,1
DA:61,1
DA:62,1
DA:63,1
DA:65,1
DA:71,1
LF:30
LH:26
BRDA:13,0,0,0
BRDA:13,0,1,0
BRDA:14,1,0,0
BRDA:14,1,1,0
BRDA:15,2,0,0
BRDA:15,2,1,0
BRDA:18,3,0,0
BRDA:18,3,1,0
BRDA:19,4,0,0
BRDA:19,4,1,0
BRDA:29,5,0,1
BRDA:29,5,1,1
BRDA:52,6,0,1
BRDA:52,6,1,2
BRDA:53,7,0,2
BRDA:53,7,1,0
BRDA:57,8,0,0
BRDA:57,8,1,1
BRDA:58,9,0,1
BRDA:58,9,1,0
BRDA:62,10,0,0
BRDA:62,10,1,1
BRDA:63,11,0,1
BRDA:63,11,1,0
BRF:24
BRH:9
end_of_record
TN:
SF:services\settings\settings.service.js
FN:6,(anonymous_0)
FN:19,(anonymous_1)
FN:33,(anonymous_2)
FN:41,(anonymous_3)
FN:49,(anonymous_4)
FNF:5
FNH:0
FNDA:0,(anonymous_0)
FNDA:0,(anonymous_1)
FNDA:0,(anonymous_2)
FNDA:0,(anonymous_3)
FNDA:0,(anonymous_4)
DA:1,1
DA:2,1
DA:3,1
DA:4,1
DA:6,1
DA:8,0
DA:13,0
DA:14,0
DA:17,1
DA:19,1
DA:21,0
DA:26,0
DA:27,0
DA:30,1
DA:33,1
DA:34,0
DA:35,0
DA:36,0
DA:39,1
DA:41,1
DA:42,0
DA:43,0
DA:44,0
DA:47,1
DA:49,1
DA:50,0
DA:59,0
DA:60,0
DA:61,0
DA:62,0
DA:63,0
DA:71,0
DA:72,0
DA:73,0
DA:79,1
LF:35
LH:14
BRDA:13,0,0,0
BRDA:13,0,1,0
BRDA:14,1,0,0
BRDA:14,1,1,0
BRDA:26,2,0,0
BRDA:26,2,1,0
BRDA:27,3,0,0
BRDA:27,3,1,0
BRDA:35,4,0,0
BRDA:35,4,1,0
BRDA:36,5,0,0
BRDA:36,5,1,0
BRDA:43,6,0,0
BRDA:43,6,1,0
BRDA:44,7,0,0
BRDA:44,7,1,0
BRDA:59,8,0,0
BRDA:59,8,1,0
BRDA:61,9,0,0
BRDA:61,9,1,0
BRDA:71,10,0,0
BRDA:71,10,1,0
BRDA:73,11,0,0
BRDA:73,11,1,0
BRDA:73,12,0,0
BRDA:73,12,1,0
BRF:26
BRH:0
end_of_record
